c:\users\samim\source\repos\directxpoogame\chili framework 2016_poogame\engine\x64\debug\mainwindow.obj
c:\users\samim\source\repos\directxpoogame\chili framework 2016_poogame\engine\x64\debug\game.obj
c:\users\samim\source\repos\directxpoogame\chili framework 2016_poogame\engine\x64\debug\dxerr.obj
c:\users\samim\source\repos\directxpoogame\chili framework 2016_poogame\engine\x64\debug\main.obj
c:\users\samim\source\repos\directxpoogame\chili framework 2016_poogame\engine\x64\debug\graphics.obj
c:\users\samim\source\repos\directxpoogame\chili framework 2016_poogame\engine\x64\debug\frametimer.obj
c:\users\samim\source\repos\directxpoogame\chili framework 2016_poogame\engine\x64\debug\mouse.obj
c:\users\samim\source\repos\directxpoogame\chili framework 2016_poogame\engine\x64\debug\keyboard.obj
c:\users\samim\source\repos\directxpoogame\chili framework 2016_poogame\engine\x64\debug\poo.obj
c:\users\samim\source\repos\directxpoogame\chili framework 2016_poogame\engine\x64\debug\dude.obj
c:\users\samim\source\repos\directxpoogame\chili framework 2016_poogame\engine\x64\debug\vc142.pdb
c:\users\samim\source\repos\directxpoogame\chili framework 2016_poogame\engine\framebufferps.shh
c:\users\samim\source\repos\directxpoogame\chili framework 2016_poogame\engine\framebuffervs.shh
c:\users\samim\source\repos\directxpoogame\chili framework 2016_poogame\x64\debug\engine.ilk
c:\users\samim\source\repos\directxpoogame\chili framework 2016_poogame\x64\debug\engine.exe
c:\users\samim\source\repos\directxpoogame\chili framework 2016_poogame\x64\debug\engine.pdb
c:\users\samim\source\repos\directxpoogame\chili framework 2016_poogame\engine\x64\debug\resource.res
c:\users\samim\source\repos\directxpoogame\chili framework 2016_poogame\engine\x64\debug\vc142.idb
c:\users\samim\source\repos\directxpoogame\chili framework 2016_poogame\engine\x64\debug\engine.tlog\cl.command.1.tlog
c:\users\samim\source\repos\directxpoogame\chili framework 2016_poogame\engine\x64\debug\engine.tlog\cl.read.1.tlog
c:\users\samim\source\repos\directxpoogame\chili framework 2016_poogame\engine\x64\debug\engine.tlog\cl.write.1.tlog
c:\users\samim\source\repos\directxpoogame\chili framework 2016_poogame\engine\x64\debug\engine.tlog\fxc.command.1.tlog
c:\users\samim\source\repos\directxpoogame\chili framework 2016_poogame\engine\x64\debug\engine.tlog\fxc.read.1.tlog
c:\users\samim\source\repos\directxpoogame\chili framework 2016_poogame\engine\x64\debug\engine.tlog\fxc.write.1.tlog
c:\users\samim\source\repos\directxpoogame\chili framework 2016_poogame\engine\x64\debug\engine.tlog\link.command.1.tlog
c:\users\samim\source\repos\directxpoogame\chili framework 2016_poogame\engine\x64\debug\engine.tlog\link.read.1.tlog
c:\users\samim\source\repos\directxpoogame\chili framework 2016_poogame\engine\x64\debug\engine.tlog\link.write.1.tlog
c:\users\samim\source\repos\directxpoogame\chili framework 2016_poogame\engine\x64\debug\engine.tlog\rc.command.1.tlog
c:\users\samim\source\repos\directxpoogame\chili framework 2016_poogame\engine\x64\debug\engine.tlog\rc.read.1.tlog
c:\users\samim\source\repos\directxpoogame\chili framework 2016_poogame\engine\x64\debug\engine.tlog\rc.write.1.tlog
